<?xml version="1.0" encoding="UTF-8"?>
<!-- Generated by org.testng.reporters.JUnitXMLReporter -->
<testsuite hostname="uiens-MBP" ignored="0" name="Group 1" tests="3" failures="0" timestamp="2022-04-02T11:22:36 ICT" time="69.047" errors="0">
  <testcase name="testStandardCompBuying" time="36.757" classname="test.order.StandardComputerBuyingTest"/>
  <testcase name="testStandardCompBuying" time="16.731" classname="test.order.StandardComputerBuyingTest"/>
  <testcase name="testStandardCompBuying" time="15.34" classname="test.order.StandardComputerBuyingTest"/>
</testsuite> <!-- Group 1 -->
